<?xml version="1.0" encoding="UTF-8"?>
<testsuites>
<testsuite timestamp="2026-09-20T07:05:37" hostname="claude" package="uart_fifo_cover" id="0" name="default" tests="11" errors="0" failures="0" time="0" skipped="9">
<properties>
<property name="os" value="Linux"/>
<property name="expect" value="PASS"/>
<property name="status" value="PASS"/>
</properties>
<testcase classname="default" name="build execution" time="0">
</testcase>
<testcase classname="default" name="Property ASSERT in uart_controller at uart_controller.v:432.13-432.35" time="0" type="ASSERT" location="uart_controller.v:432.13-432.35" id="_witness_.check_assert_uart_controller_v_432_167">
<skipped />
</testcase>
<testcase classname="default" name="Property ASSERT in uart_controller at uart_controller.v:433.13-433.35" time="0" type="ASSERT" location="uart_controller.v:433.13-433.35" id="_witness_.check_assert_uart_controller_v_433_169">
<skipped />
</testcase>
<testcase classname="default" name="Property ASSERT in uart_controller at uart_controller.v:442.13-442.55" time="0" type="ASSERT" location="uart_controller.v:442.13-442.55" id="_witness_.check_assert_uart_controller_v_442_173">
<skipped />
</testcase>
<testcase classname="default" name="Property ASSERT in uart_controller at uart_controller.v:443.13-443.55" time="0" type="ASSERT" location="uart_controller.v:443.13-443.55" id="_witness_.check_assert_uart_controller_v_443_176">
<skipped />
</testcase>
<testcase classname="default" name="Property ASSERT in uart_controller at uart_controller.v:451.13-451.43" time="0" type="ASSERT" location="uart_controller.v:451.13-451.43" id="_witness_.check_assert_uart_controller_v_451_181">
<skipped />
</testcase>
<testcase classname="default" name="Property ASSERT in uart_controller at uart_controller.v:452.13-452.69" time="0" type="ASSERT" location="uart_controller.v:452.13-452.69" id="_witness_.check_assert_uart_controller_v_452_184">
<skipped />
</testcase>
<testcase classname="default" name="Property ASSERT in uart_controller at uart_controller.v:461.13-463.54" time="0" type="ASSERT" location="uart_controller.v:461.13-463.54" id="_witness_.check_assert_uart_controller_v_461_205">
<skipped />
</testcase>
<testcase classname="default" name="Property ASSERT in uart_controller at uart_controller.v:464.13-464.82" time="0" type="ASSERT" location="uart_controller.v:464.13-464.82" id="_witness_.check_assert_uart_controller_v_464_213">
<skipped />
</testcase>
<testcase classname="default" name="Property ASSERT in uart_controller at uart_controller.v:465.13-465.84" time="0" type="ASSERT" location="uart_controller.v:465.13-465.84" id="_witness_.check_assert_uart_controller_v_465_219">
<skipped />
</testcase>
<testcase classname="default" name="Property COVER in uart_controller at uart_controller.v:474.13-474.34" time="0" type="COVER" location="uart_controller.v:474.13-474.34" id="_witness_.check_cover_uart_controller_v_474_227" tracefile="engine_0/trace1.vcd">
</testcase>
<testcase classname="default" name="Property COVER in uart_controller at uart_controller.v:475.13-475.53" time="0" type="COVER" location="uart_controller.v:475.13-475.53" id="_witness_.check_cover_uart_controller_v_475_229" tracefile="engine_0/trace0.vcd">
</testcase>
<system-out>SBY  7:05:36 [uart_fifo_cover] Removing directory '/sessions/rcw-01ubdokzb1nfyvbznsybcynq/work/Design-Verification-Roadmap/examples/phase5_formal_uart/uart_fifo_cover'.
SBY  7:05:36 [uart_fifo_cover] Copy '/sessions/rcw-01ubdokzb1nfyvbznsybcynq/work/Design-Verification-Roadmap/examples/phase5_formal_uart/../../rtl/uart_controller.v' to '/sessions/rcw-01ubdokzb1nfyvbznsybcynq/work/Design-Verification-Roadmap/examples/phase5_formal_uart/uart_fifo_cover/src/uart_controller.v'.
SBY  7:05:36 [uart_fifo_cover] engine_0: smtbmc z3
SBY  7:05:36 [uart_fifo_cover] base: starting process &quot;cd uart_fifo_cover/src; yosys -ql ../model/design.log ../model/design.ys&quot;
SBY  7:05:37 [uart_fifo_cover] base: finished (returncode=0)
SBY  7:05:37 [uart_fifo_cover] prep: starting process &quot;cd uart_fifo_cover/model; yosys -ql design_prep.log design_prep.ys&quot;
SBY  7:05:37 [uart_fifo_cover] prep: finished (returncode=0)
SBY  7:05:37 [uart_fifo_cover] smt2: starting process &quot;cd uart_fifo_cover/model; yosys -ql design_smt2.log design_smt2.ys&quot;
SBY  7:05:37 [uart_fifo_cover] smt2: finished (returncode=0)
SBY  7:05:37 [uart_fifo_cover] engine_0: starting process &quot;cd uart_fifo_cover; yosys-smtbmc -s z3 --presat -c --noprogress -t 30  --append 0 --dump-vcd engine_0/trace%.vcd --dump-yw engine_0/trace%.yw --dump-vlogtb engine_0/trace%_tb.v --dump-smtc engine_0/trace%.smtc model/design_smt2.smt2&quot;
SBY  7:05:37 [uart_fifo_cover] engine_0: ##   0:00:00  Solver: z3
SBY  7:05:37 [uart_fifo_cover] engine_0: ##   0:00:00  Checking cover reachability in step 0..
SBY  7:05:37 [uart_fifo_cover] engine_0: ##   0:00:00  Checking cover reachability in step 1..
SBY  7:05:37 [uart_fifo_cover] engine_0: ##   0:00:00  Checking cover reachability in step 2..
SBY  7:05:37 [uart_fifo_cover] engine_0: ##   0:00:00  Checking cover reachability in step 3..
SBY  7:05:37 [uart_fifo_cover] engine_0: ##   0:00:00  Checking cover reachability in step 4..
SBY  7:05:37 [uart_fifo_cover] engine_0: ##   0:00:00  Checking cover reachability in step 5..
SBY  7:05:37 [uart_fifo_cover] engine_0: ##   0:00:00  Checking cover reachability in step 6..
SBY  7:05:37 [uart_fifo_cover] engine_0: ##   0:00:00  Reached cover statement in step 6 at uart_controller: uart_controller.v:475.13-475.53 (_witness_.check_cover_uart_controller_v_475_229)
SBY  7:05:37 [uart_fifo_cover] engine_0: ##   0:00:00  Writing trace to VCD file: engine_0/trace0.vcd
SBY  7:05:37 [uart_fifo_cover] engine_0: ##   0:00:00  Writing trace to Verilog testbench: engine_0/trace0_tb.v
SBY  7:05:37 [uart_fifo_cover] engine_0: ##   0:00:00  Writing trace to constraints file: engine_0/trace0.smtc
SBY  7:05:37 [uart_fifo_cover] engine_0: ##   0:00:00  Writing trace to Yosys witness file: engine_0/trace0.yw
SBY  7:05:37 [uart_fifo_cover] engine_0: ##   0:00:00  Checking cover reachability in step 6..
SBY  7:05:37 [uart_fifo_cover] engine_0: ##   0:00:00  Checking cover reachability in step 7..
SBY  7:05:37 [uart_fifo_cover] engine_0: ##   0:00:00  Checking cover reachability in step 8..
SBY  7:05:37 [uart_fifo_cover] engine_0: ##   0:00:00  Checking cover reachability in step 9..
SBY  7:05:37 [uart_fifo_cover] engine_0: ##   0:00:00  Checking cover reachability in step 10..
SBY  7:05:37 [uart_fifo_cover] engine_0: ##   0:00:00  Reached cover statement in step 10 at uart_controller: uart_controller.v:474.13-474.34 (_witness_.check_cover_uart_controller_v_474_227)
SBY  7:05:37 [uart_fifo_cover] engine_0: ##   0:00:00  Writing trace to VCD file: engine_0/trace1.vcd
SBY  7:05:37 [uart_fifo_cover] engine_0: ##   0:00:00  Writing trace to Verilog testbench: engine_0/trace1_tb.v
SBY  7:05:37 [uart_fifo_cover] engine_0: ##   0:00:00  Writing trace to constraints file: engine_0/trace1.smtc
SBY  7:05:37 [uart_fifo_cover] engine_0: ##   0:00:00  Writing trace to Yosys witness file: engine_0/trace1.yw
SBY  7:05:37 [uart_fifo_cover] engine_0: ##   0:00:00  Status: passed
SBY  7:05:37 [uart_fifo_cover] engine_0: finished (returncode=0)
SBY  7:05:37 [uart_fifo_cover] engine_0: Status returned by engine: pass
SBY  7:05:37 [uart_fifo_cover] summary: Elapsed clock time [H:MM:SS (secs)]: 0:00:00 (0)
SBY  7:05:37 [uart_fifo_cover] summary: Elapsed process time [H:MM:SS (secs)]: 0:00:00 (0)
SBY  7:05:37 [uart_fifo_cover] summary: engine_0 (smtbmc z3) returned pass
SBY  7:05:37 [uart_fifo_cover] summary: cover trace: uart_fifo_cover/engine_0/trace0.vcd
SBY  7:05:37 [uart_fifo_cover] summary:   reached cover statement uart_controller._witness_.check_cover_uart_controller_v_475_229 at uart_controller.v:475.13-475.53 step 6
SBY  7:05:37 [uart_fifo_cover] summary: cover trace: uart_fifo_cover/engine_0/trace1.vcd
SBY  7:05:37 [uart_fifo_cover] summary:   reached cover statement uart_controller._witness_.check_cover_uart_controller_v_474_227 at uart_controller.v:474.13-474.34 step 10
SBY  7:05:37 [uart_fifo_cover] DONE (PASS, rc=0)
</system-out>
<system-err>
</system-err>
</testsuite>
</testsuites>
